<?xml version="1.0" encoding="UTF-8"?>
<!-- Generated by org.testng.reporters.JUnitReportReporter -->
<testsuite hostname="DESKTOP-BNJ4BOR" failures="0" tests="3" name="com.testCase2.RegisterPageTestCase" time="0.024" errors="0" timestamp="2025-04-03T14:52:32 IST" skipped="0">
  <testcase classname="com.testCase2.RegisterPageTestCase" name="testinvalid" time="0.004"/>
  <testcase classname="com.testCase2.RegisterPageTestCase" name="testTitle" time="0.014"/>
  <testcase classname="com.testCase2.RegisterPageTestCase" name="testvalid" time="0.006"/>
</testsuite> <!-- com.testCase2.RegisterPageTestCase -->
