<?xml version="1.0" encoding="UTF-8"?>
<!-- Generated by org.testng.reporters.JUnitReportReporter -->
<testsuite hostname="DESKTOP-BNJ4BOR" failures="0" tests="1" name="com.testcase.LoginPage_TestCase" time="5.775" errors="0" timestamp="2025-04-04T11:07:51 IST" skipped="0">
  <testcase classname="com.testcase.LoginPage_TestCase" name="testValidCredential" time="5.775"/>
</testsuite> <!-- com.testcase.LoginPage_TestCase -->
